<?xml version="1.0" encoding="UTF-8"?>
<!-- Generated by org.testng.reporters.JUnitReportReporter -->
<testsuite skipped="0" hostname="Tarun" name="Email_module.TC_VT_006" tests="1" failures="0" timestamp="2023-03-23T16:09:43 IST" time="11.129" errors="0">
  <testcase name="ToOrganisation" time="11.129" classname="Email_module.TC_VT_006"/>
  <system-out/>
</testsuite> <!-- Email_module.TC_VT_006 -->
