<?xml version="1.0" encoding="UTF-8"?>
<!-- Generated by org.testng.reporters.JUnitReportReporter -->
<testsuite skipped="0" hostname="Tarun" name="Email_module.TC_VT_002" tests="1" failures="0" timestamp="2023-03-23T15:33:52 IST" time="9.092" errors="0">
  <testcase name="Qualified_mail" time="9.092" classname="Email_module.TC_VT_002"/>
  <system-out/>
</testsuite> <!-- Email_module.TC_VT_002 -->
