<?xml version="1.0" encoding="UTF-8"?>
<!-- Generated by org.testng.reporters.JUnitReportReporter -->
<testsuite skipped="0" hostname="Tarun" name="Email_module.TC_VT_004" tests="1" failures="0" timestamp="2023-03-23T15:58:49 IST" time="10.905" errors="0">
  <testcase name="ClickOnContacts" time="10.905" classname="Email_module.TC_VT_004"/>
  <system-out/>
</testsuite> <!-- Email_module.TC_VT_004 -->
